<?xml version="1.0" encoding="UTF-8"?>
<testsuite xmlns:xsi="http://www.w3.org/2001/XMLSchema-instance" xsi:noNamespaceSchemaLocation="https://maven.apache.org/surefire/maven-surefire-plugin/xsd/surefire-test-report-3.0.xsd" version="3.0" name="com.spandigital.codechallenge.ranking.RankingCalculatorTest" time="0.264" tests="5" errors="0" skipped="0" failures="0">
  <properties>
[...]
</properties>
  <testcase name="test_calculateRanking(List,String)" classname="com.spandigital.codechallenge.ranking.RankingCalculatorTest" time="0.107"/>
  <testcase name="test_calculateRanking(List,String)" classname="com.spandigital.codechallenge.ranking.RankingCalculatorTest" time="0.01"/>
  <testcase name="test_calculateRanking(List,String)" classname="com.spandigital.codechallenge.ranking.RankingCalculatorTest" time="0.015"/>
  <testcase name="test_calculateRanking(List,String)" classname="com.spandigital.codechallenge.ranking.RankingCalculatorTest" time="0.011"/>
  <testcase name="test_constructor_fileNotFound" classname="com.spandigital.codechallenge.ranking.RankingCalculatorTest" time="0.004"/>
</testsuite>